<?xml version="1.0" encoding="UTF-8"?>
<!-- Generated by org.testng.reporters.JUnitXMLReporter -->
<<<<<<< HEAD
<<<<<<< HEAD
<testsuite hostname="DESKTOP" ignored="0" name="Test" tests="3" failures="1" timestamp="26 Sep 2018 19:19:11 GMT" time="85.135" errors="0">
  <testcase name="test2" time="83.525" classname="parrelTestingExample.testNGParallelTestingDemo"/>
  <testcase name="test3" time="0.005" classname="parrelTestingExample.testNGParallelTestingDemo"/>
  <testcase name="test1" time="84.944" classname="parrelTestingExample.testNGParallelTestingDemo">
    <failure type="org.openqa.selenium.SessionNotCreatedException" message="Tried to run command without establishing a connection
Build info: version: &amp;apos;3.11.0&amp;apos;, revision: &amp;apos;e59cfb3&amp;apos;, time: &amp;apos;2018-03-11T20:26:55.152Z&amp;apos;
System info: host: &amp;apos;DESKTOP&amp;apos;, ip: &amp;apos;192.168.1.13&amp;apos;, os.name: &amp;apos;Windows 8.1&amp;apos;, os.arch: &amp;apos;amd64&amp;apos;, os.version: &amp;apos;6.3&amp;apos;, java.version: &amp;apos;1.8.0_20&amp;apos;
Driver info: org.openqa.selenium.firefox.FirefoxDriver
Capabilities {acceptInsecureCerts: true, browserName: firefox, browserVersion: 62.0.2, javascriptEnabled: true, moz:accessibilityChecks: false, moz:headless: false, moz:processID: 4952, moz:profile: C:\Users\MyPC\AppData\Local..., moz:useNonSpecCompliantPointerOrigin: false, moz:webdriverClick: true, pageLoadStrategy: normal, platform: XP, platformName: XP, platformVersion: 10.0, rotatable: false, timeouts: {implicit: 0, pageLoad: 300000, script: 30000}}">
      <![CDATA[org.openqa.selenium.SessionNotCreatedException: Tried to run command without establishing a connection
Build info: version: '3.11.0', revision: 'e59cfb3', time: '2018-03-11T20:26:55.152Z'
System info: host: 'DESKTOP', ip: '192.168.1.13', os.name: 'Windows 8.1', os.arch: 'amd64', os.version: '6.3', java.version: '1.8.0_20'
Driver info: org.openqa.selenium.firefox.FirefoxDriver
Capabilities {acceptInsecureCerts: true, browserName: firefox, browserVersion: 62.0.2, javascriptEnabled: true, moz:accessibilityChecks: false, moz:headless: false, moz:processID: 4952, moz:profile: C:\Users\MyPC\AppData\Local..., moz:useNonSpecCompliantPointerOrigin: false, moz:webdriverClick: true, pageLoadStrategy: normal, platform: XP, platformName: XP, platformVersion: 10.0, rotatable: false, timeouts: {implicit: 0, pageLoad: 300000, script: 30000}}
at org.openqa.selenium.remote.http.W3CHttpResponseCodec.createException(W3CHttpResponseCodec.java:187)
at org.openqa.selenium.remote.http.W3CHttpResponseCodec.decode(W3CHttpResponseCodec.java:122)
at org.openqa.selenium.remote.http.W3CHttpResponseCodec.decode(W3CHttpResponseCodec.java:49)
at org.openqa.selenium.remote.HttpCommandExecutor.execute(HttpCommandExecutor.java:158)
at org.openqa.selenium.remote.service.DriverCommandExecutor.execute(DriverCommandExecutor.java:83)
at org.openqa.selenium.remote.RemoteWebDriver.execute(RemoteWebDriver.java:545)
at org.openqa.selenium.remote.RemoteWebDriver.execute(RemoteWebDriver.java:602)
at org.openqa.selenium.remote.RemoteWebDriver.quit(RemoteWebDriver.java:445)
at parrelTestingExample.testNGParallelTestingDemo.test1(testNGParallelTestingDemo.java:25)
at java.util.concurrent.ThreadPoolExecutor.runWorker(ThreadPoolExecutor.java:1142)
at java.util.concurrent.ThreadPoolExecutor$Worker.run(ThreadPoolExecutor.java:617)
at java.lang.Thread.run(Thread.java:745)
... Removed 14 stack frames]]>
    </failure>
  </testcase> <!-- test1 -->
=======
<testsuite hostname="STSPC93" ignored="0" name="Test" tests="3" failures="0" timestamp="27 Sep 2018 09:06:41 GMT" time="0.227" errors="0">
  <testcase name="test1" time="0.06" classname="parrelTestingExample.testNGParallelTestingDemo"/>
  <testcase name="test2" time="0.06" classname="parrelTestingExample.testNGParallelTestingDemo"/>
  <testcase name="test3" time="0.002" classname="parrelTestingExample.testNGParallelTestingDemo"/>
>>>>>>> branch 'master' of https://github.com/rampalsingh/Java.git
=======
<testsuite hostname="STSPC93" ignored="0" name="Test" tests="3" failures="0" timestamp="27 Sep 2018 09:06:41 GMT" time="0.227" errors="0">
  <testcase name="test1" time="0.06" classname="parrelTestingExample.testNGParallelTestingDemo"/>
  <testcase name="test2" time="0.06" classname="parrelTestingExample.testNGParallelTestingDemo"/>
  <testcase name="test3" time="0.002" classname="parrelTestingExample.testNGParallelTestingDemo"/>
>>>>>>> branch 'master' of https://github.com/rampalsingh/Java.git
</testsuite> <!-- Test -->
